app/build/intermediates/manifest_merge_blame_file/debug/manifest-merger-blame-debug-report.txt
1<?xml version="1.0" encoding="utf-8"?>
2<manifest xmlns:android="http://schemas.android.com/apk/res/android"
3    package="com.example.bkash_tokenized_android_kotlin"
4    android:versionCode="1"
5    android:versionName="1.0" >
6
7    <uses-sdk
8        android:minSdkVersion="24"
8-->src/main/AndroidManifest.xml
9        android:targetSdkVersion="33" />
9-->src/main/AndroidManifest.xml
10
11    <uses-permission android:name="android.permission.ACCESS_NETWORK_STATE" />
11-->src/main/AndroidManifest.xml:5:5-79
11-->src/main/AndroidManifest.xml:5:22-76
12    <uses-permission android:name="android.permission.INTERNET" />
12-->src/main/AndroidManifest.xml:6:5-67
12-->src/main/AndroidManifest.xml:6:22-64
13
14    <permission
14-->[androidx.core:core:1.9.0] AndroidManifest.xml:22:5-24:47
15        android:name="com.example.bkash_tokenized_android_kotlin.DYNAMIC_RECEIVER_NOT_EXPORTED_PERMISSION"
15-->[androidx.core:core:1.9.0] AndroidManifest.xml:23:9-81
16        android:protectionLevel="signature" />
16-->[androidx.core:core:1.9.0] AndroidManifest.xml:24:9-44
17
18    <uses-permission android:name="com.example.bkash_tokenized_android_kotlin.DYNAMIC_RECEIVER_NOT_EXPORTED_PERMISSION" />
18-->[androidx.core:core:1.9.0] AndroidManifest.xml:26:5-97
18-->[androidx.core:core:1.9.0] AndroidManifest.xml:26:22-94
19
20    <application
20-->src/main/AndroidManifest.xml:8:5-30:19
21        android:allowBackup="true"
21-->src/main/AndroidManifest.xml:9:9-35
22        android:appComponentFactory="androidx.core.app.CoreComponentFactory"
22-->[androidx.core:core:1.9.0] AndroidManifest.xml:28:18-86
23        android:dataExtractionRules="@xml/data_extraction_rules"
23-->src/main/AndroidManifest.xml:10:9-65
24        android:debuggable="true"
25        android:enableOnBackInvokedCallback="true"
25-->src/main/AndroidManifest.xml:15:9-51
26        android:extractNativeLibs="false"
27        android:fullBackupContent="@xml/backup_rules"
27-->src/main/AndroidManifest.xml:11:9-54
28        android:icon="@drawable/bkash"
28-->src/main/AndroidManifest.xml:12:9-39
29        android:label="@string/app_name"
29-->src/main/AndroidManifest.xml:13:9-41
30        android:supportsRtl="true"
30-->src/main/AndroidManifest.xml:14:9-35
31        android:theme="@style/Theme.BKashTokenizedRnD"
31-->src/main/AndroidManifest.xml:17:9-55
32        android:windowSoftInputMode="adjustResize" >
32-->src/main/AndroidManifest.xml:16:9-51
33        <activity
33-->src/main/AndroidManifest.xml:19:9-29:20
34            android:name="com.example.bkash_tokenized_android_kotlin.bkash.MainActivity"
34-->src/main/AndroidManifest.xml:20:13-47
35            android:exported="true"
35-->src/main/AndroidManifest.xml:21:13-36
36            android:label="@string/app_name"
36-->src/main/AndroidManifest.xml:23:13-45
37            android:windowSoftInputMode="adjustResize" >
37-->src/main/AndroidManifest.xml:22:13-55
38            <intent-filter>
38-->src/main/AndroidManifest.xml:24:13-28:29
39                <action android:name="android.intent.action.MAIN" />
39-->src/main/AndroidManifest.xml:25:17-69
39-->src/main/AndroidManifest.xml:25:25-66
40
41                <category android:name="android.intent.category.LAUNCHER" />
41-->src/main/AndroidManifest.xml:27:17-77
41-->src/main/AndroidManifest.xml:27:27-74
42            </intent-filter>
43        </activity>
44
45        <uses-library
45-->[androidx.window:window:1.0.0] AndroidManifest.xml:25:9-27:40
46            android:name="androidx.window.extensions"
46-->[androidx.window:window:1.0.0] AndroidManifest.xml:26:13-54
47            android:required="false" />
47-->[androidx.window:window:1.0.0] AndroidManifest.xml:27:13-37
48        <uses-library
48-->[androidx.window:window:1.0.0] AndroidManifest.xml:28:9-30:40
49            android:name="androidx.window.sidecar"
49-->[androidx.window:window:1.0.0] AndroidManifest.xml:29:13-51
50            android:required="false" />
50-->[androidx.window:window:1.0.0] AndroidManifest.xml:30:13-37
51
52        <provider
52-->[androidx.emoji2:emoji2:1.2.0] AndroidManifest.xml:24:9-32:20
53            android:name="androidx.startup.InitializationProvider"
53-->[androidx.emoji2:emoji2:1.2.0] AndroidManifest.xml:25:13-67
54            android:authorities="com.example.bkash_tokenized_android_kotlin.androidx-startup"
54-->[androidx.emoji2:emoji2:1.2.0] AndroidManifest.xml:26:13-68
55            android:exported="false" >
55-->[androidx.emoji2:emoji2:1.2.0] AndroidManifest.xml:27:13-37
56            <meta-data
56-->[androidx.emoji2:emoji2:1.2.0] AndroidManifest.xml:29:13-31:52
57                android:name="androidx.emoji2.text.EmojiCompatInitializer"
57-->[androidx.emoji2:emoji2:1.2.0] AndroidManifest.xml:30:17-75
58                android:value="androidx.startup" />
58-->[androidx.emoji2:emoji2:1.2.0] AndroidManifest.xml:31:17-49
59            <meta-data
59-->[androidx.lifecycle:lifecycle-process:2.4.1] AndroidManifest.xml:31:13-33:52
60                android:name="androidx.lifecycle.ProcessLifecycleInitializer"
60-->[androidx.lifecycle:lifecycle-process:2.4.1] AndroidManifest.xml:32:17-78
61                android:value="androidx.startup" />
61-->[androidx.lifecycle:lifecycle-process:2.4.1] AndroidManifest.xml:33:17-49
62        </provider>
63    </application>
64
65</manifest>